rotvec_timestamp	rotvec_x_data	rotvec_y_data	rotvec_z_data
341211340691428	0.79147315	-0.012593964	0.05085088
341211538414817	0.6896979	-0.15537022	-0.041502792
341211736138206	0.640985	-0.22964574	-0.14607298
341211933861594	0.69315803	-0.22117426	-0.19283763
341212131554465	0.7891018	-0.07916479	-0.17492758
341212329247336	0.815888	0.0366575	-0.0846679
341212527001243	0.7678834	-0.026418597	-0.06517332
341212724724631	0.67903256	-0.19288468	-0.12403304
341212922478538	0.63819677	-0.27801326	-0.18130824
341213120232444	0.7174117	-0.22407283	-0.22327326
341213318016868	0.8031123	-0.056359343	-0.17412618
341213515679221	0.80979973	0.04580033	-0.07077916
341213713463645	0.75849795	-0.0038485152	-0.062077753
341213911217551	0.6787159	-0.16765024	-0.1142493
341214108910422	0.6437976	-0.2574972	-0.16283362
341214306603293	0.7361428	-0.19614318	-0.19623518
341214504326682	0.816852	-0.007144629	-0.12851535
341214702019553	0.80664504	0.12143801	-0.017212285
341214899681907	0.7587824	0.07608333	0.0052456465
341215097466331	0.6966465	-0.100532144	-0.029429566
341215295189719	0.70797575	-0.1421828	-0.07509199
341215492943626	0.79167354	0.023990322	-0.08795227
341215690636497	0.7886599	0.23630147	0.03537993
341215888329368	0.74643236	0.2904525	0.13582188
341216086083274	0.72444427	0.16257775	0.10814033
341216283806663	0.6922206	-0.022019507	0.069372304
341216481591086	0.73024595	-0.033515614	-0.017558608
341216679344993	0.7941064	0.16561006	-0.016362783
341216877098899	0.76663053	0.3483234	0.110438526
341217074822288	0.72906667	0.3139444	0.1841618
341217272576194	0.71839046	0.10566176	0.14495501
341217470299583	0.70401126	-0.031771354	0.07489551
341217668053489	0.7578409	0.046993844	5.5415486E-4
341217865807395	0.7718411	0.2653472	0.06063115
341218063561301	0.72866845	0.3833935	0.18596435
341218261284690	0.7108898	0.29789877	0.19887596
341218459038596	0.7030627	0.07102391	0.14298671
341218656761985	0.72030747	-0.009933386	0.06468895
341218854485374	0.7763042	0.15516545	0.032141525
341219052208762	0.7386553	0.37517664	0.14513144
341219249932151	0.68536794	0.41996098	0.2456909
341219447686057	0.69037884	0.27311173	0.22179365
341219645439963	0.6910189	0.06619706	0.16228876
341219843132835	0.7286264	0.027492084	0.06264274
341220040856223	0.7711796	0.23161258	0.045981716
341220238579612	0.71112245	0.43694618	0.16089359
341220436303001	0.6714908	0.41627857	0.2451161
341220633978644	0.69475186	0.20405386	0.19682556
341220831702032	0.6894032	0.018759236	0.11890156
341221029394903	0.73857653	0.02828186	0.022212422
341221227087774	0.7787709	0.23949738	0.031572647
341221424841681	0.7310817	0.4119828	0.15531528
341221622565069	0.697724	0.36135054	0.2190446
341221820257940	0.70668006	0.12451007	0.16879603
341222017981329	0.7151754	-0.0068238713	0.07297894
341222215643683	0.7746154	0.11141133	0.0012639526
341222413367071	0.75627655	0.34564188	0.09323844
341222611151495	0.69755596	0.4381757	0.21243294
341222808874884	0.6910664	0.3188983	0.2077754
341223006567755	0.69342774	0.07524406	0.14246935
341223204291144	0.72713494	0.0010427029	0.03586656
341223401984015	0.78569484	0.18613632	0.007753139
341223599676886	0.74371505	0.39918354	0.12717213
341223797400274	0.7032023	0.38918963	0.21184859
341223995123663	0.71501935	0.17261681	0.15407565
341224192816534	0.6991741	-0.01093727	0.07868127
341224390539923	0.7491348	0.014684677	-0.005034259
341224588232794	0.7874943	0.2417982	0.019792821
341224785925665	0.7368125	0.41367185	0.15457164
341224983649054	0.70654255	0.35057604	0.20159876
341225181341925	0.7162548	0.09855081	0.12303082
341225379126349	0.7230381	-0.044071265	0.023910256
341225576758185	0.780176	0.062441662	-0.041168403
341225774481573	0.7659752	0.3069705	0.06164459
341225972174444	0.7070319	0.41441852	0.19303332
341226169928351	0.6965387	0.30349693	0.19065227
341226367651739	0.6995867	0.057078756	0.115875535
341226565405646	0.72686267	-0.020743193	0.012032558
341226763129034	0.79190904	0.15640408	-0.017728567
341226960882940	0.7593988	0.3734215	0.10222228
341227158575812	0.7125553	0.3694866	0.19185606
341227356299200	0.71820766	0.14437959	0.123997495
341227554022589	0.70190537	-0.04340884	0.02625074
341227751745978	0.7531626	-0.028959848	-0.07595751
341227949499884	0.79363966	0.18545909	-0.031630587
341228147192755	0.75734204	0.33793545	0.109009355
341228344885626	0.72463983	0.26514265	0.13061777
341228542639532	0.7057981	0.02197038	0.03245648
341228740393439	0.7050597	-0.10474517	-0.06512293
341228938116827	0.7764848	-0.003930813	-0.11584913
341229135840216	0.7900036	0.21419708	-0.012836604
341229333533087	0.7535352	0.30366537	0.11471996
341229531225958	0.7214022	0.2007695	0.10163928
341229728949347	0.6782266	-0.038063236	0.012965155
341229926581183	0.6901291	-0.12693197	-0.090127
341230124243536	0.7903463	0.013177596	-0.120334275
341230321905890	0.8087973	0.22159927	-0.0065141637
341230519598761	0.7636186	0.26288122	0.08822809
341230717295729	0.7287806	0.10002003	0.04391907
341230915019118	0.6785089	-0.10179124	-0.032432918
341231112711989	0.72285473	-0.11881765	-0.11968489
341231310435377	0.8108723	0.08810003	-0.089643754
341231508189284	0.7974634	0.2820803	0.049262907
341231705912672	0.75483185	0.25417107	0.112293355
341231903605543	0.72408295	0.014609323	0.041727986
341232101328932	0.7057619	-0.12949255	-0.0597867
341232299052321	0.7913057	-0.0122823175	-0.09881428
341232496745192	0.8130754	0.25375363	0.017212478
341232694499098	0.75308573	0.36547294	0.14726965
341232892191969	0.7333695	0.22928104	0.13627432
341233089884840	0.70851856	-0.022223927	0.05108922
341233287547194	0.74443954	-0.06615533	-0.061506003
341233485209547	0.8064764	0.18907651	-0.02134813
341233682902418	0.73862416	0.43887597	0.14357418
341233880534254	0.68794996	0.4341993	0.23657015
341234078227125	0.7126493	0.20375165	0.19276302
341234275919996	0.7120083	0.03565232	0.10657285
341234473612868	0.762814	0.11481405	0.04744447
341234671305739	0.74988884	0.37488213	0.11136629
341234869029127	0.6619377	0.5248461	0.23873012
341235066721998	0.64781916	0.44765815	0.2837132
341235264414870	0.68757707	0.20742832	0.2304534
341235462138258	0.7123244	0.0893894	0.12882176
341235659892164	0.7611575	0.21398069	0.06632042
341235857585036	0.7240693	0.41347197	0.15700145
341236055277907	0.67738503	0.4735709	0.23817211
341236252970778	0.6973504	0.3247495	0.17790441
341236450694166	0.70394033	0.04598521	0.075539544
341236648448073	0.72142243	-0.043041732	-0.057991683
341236846201979	0.7977877	0.1158262	-0.08976768
341237043955885	0.79937506	0.29932895	0.022193668
341237241740309	0.75535464	0.24456058	0.073016085
341237439524733	0.7102753	-0.05858701	-0.0623674
341237637156569	0.6552166	-0.23930782	-0.19161463
341237834818922	0.7306779	-0.21852946	-0.27029583
341238032542311	0.820746	-0.06324769	-0.21220757
341238230235182	0.8270582	0.028377876	-0.11154286
341238427958571	0.75295496	-0.06852886	-0.15933247
341238625681959	0.62837994	-0.28138518	-0.26292005
341238823374830	0.6309929	-0.34688324	-0.3392576
341239021098219	0.77121294	-0.25816712	-0.33673853
341239218852125	0.8459544	-0.13340345	-0.24365672
341239416544996	0.7962201	-0.13590129	-0.2119691
341239614268385	0.6655709	-0.3041553	-0.3068063
341239811991774	0.5628278	-0.41425663	-0.3771886
341240009715162	0.6471482	-0.40027553	-0.39646098
341240207408034	0.7721105	-0.3022435	-0.3500721
341240405100905	0.81210923	-0.2201399	-0.26523593
341240602821723	0.7395536	-0.24810675	-0.28268304
341240800514594	0.58677274	-0.39901185	-0.35321224
341240998268501	0.5683042	-0.4489528	-0.38899165
341241195991889	0.71273243	-0.3838632	-0.37782258
341241393684760	0.8122075	-0.27363563	-0.29268152
341241591377632	0.79737705	-0.20805125	-0.24627756
341241789101020	0.6977105	-0.27429146	-0.2982108
341241986824409	0.5624125	-0.40928343	-0.36380032
341242184547798	0.6065484	-0.4222503	-0.39461502
341242382301704	0.76686704	-0.3147109	-0.34299374
341242579994575	0.83215255	-0.21316193	-0.2435674
341242777748481	0.7742423	-0.20126976	-0.22953007
341242975471870	0.6281265	-0.36121774	-0.31999448
341243173225776	0.5501635	-0.45079514	-0.39488018
341243370979682	0.6681834	-0.40215057	-0.4006989
341243568733589	0.78733575	-0.2899506	-0.32855234
341243766487495	0.8019633	-0.22052075	-0.2551431
341243964241401	0.7113692	-0.27105385	-0.30161512
341244162025825	0.5503127	-0.43168396	-0.3912368
341244359810249	0.56311435	-0.47097793	-0.43093136
341244557533637	0.7162069	-0.40471894	-0.39584115
341244755318061	0.80002326	-0.32814267	-0.30460864
341244953041450	0.7534826	-0.31127834	-0.29871315
341245150795356	0.60517585	-0.42317536	-0.37944138
341245348549262	0.5233123	-0.48419824	-0.42879722
341245546272651	0.6323778	-0.44974232	-0.43049505
341245744026557	0.7539521	-0.36161488	-0.37470385
341245941780464	0.78702825	-0.28841218	-0.2956792
341246139503852	0.71350455	-0.30165127	-0.32343328
341246337288276	0.5506338	-0.44207096	-0.4074761
341246535011665	0.54528135	-0.48320082	-0.43002406
341246732704536	0.7009561	-0.42641714	-0.39301813
341246930427925	0.78936416	-0.35696307	-0.31323415
341247128151313	0.75910974	-0.31215316	-0.29285058
341247325874702	0.6455967	-0.36872712	-0.35000795
341247523598091	0.53580874	-0.45155331	-0.3984751
341247721290962	0.60458314	-0.44479528	-0.4139278
341247918983833	0.75611544	-0.34929952	-0.36230627
341248116737739	0.81426215	-0.25961447	-0.27973172
341248314461128	0.77431464	-0.205243	-0.24783292
341248512215034	0.63940465	-0.3337984	-0.3225839
341248709938423	0.5444619	-0.43293145	-0.4003569
341248907661811	0.6340866	-0.4247416	-0.41841745
341249105354682	0.7599675	-0.34727988	-0.35714334
341249303078071	0.7958168	-0.2837827	-0.27906203
341249500831977	0.72797686	-0.29035994	-0.30050173
341249698463813	0.57843786	-0.41822553	-0.37707925
341249896217719	0.5699962	-0.46216965	-0.41292724
341250093910591	0.7225424	-0.38358086	-0.38188356
341250291572944	0.8122468	-0.28347722	-0.29066977
341250489326850	0.78861195	-0.2352031	-0.25273103
341250687049981	0.6666092	-0.33440453	-0.32615775
341250884773370	0.5394853	-0.44619852	-0.39335832
341251082527276	0.6107369	-0.44380143	-0.414974
341251280220147	0.75853884	-0.35466006	-0.36610985
341251477974053	0.8068734	-0.27941656	-0.290933
341251675727959	0.7474081	-0.2620374	-0.29375347
341251873451348	0.5967234	-0.4049311	-0.37245852
341252071144219	0.545546	-0.46608427	-0.41461968
341252268898126	0.678055	-0.4135801	-0.4005947
341252466621514	0.7846901	-0.32616192	-0.32649246
341252664344903	0.78537184	-0.2725451	-0.27223524
341252862068292	0.69370854	-0.32134885	-0.31652933
341253059791680	0.55657923	-0.44487104	-0.3822796
341253257515069	0.60443133	-0.4554926	-0.40250522
341253455238458	0.76042897	-0.35334948	-0.34863433
341253652961846	0.8174638	-0.2644569	-0.27610675
341253850654717	0.75906867	-0.2507135	-0.26980633
341254048378106	0.6096868	-0.40217733	-0.33760014
341254246070977	0.5655768	-0.46457568	-0.37640178
341254443794366	0.7047093	-0.38861632	-0.36737904
341254641548272	0.8102236	-0.24853024	-0.28885317
341254839302178	0.8118206	-0.14365445	-0.20208055
341255036995049	0.7325626	-0.18760599	-0.21818635
341255234748956	0.5827144	-0.38858962	-0.33192235
341255432472344	0.5986562	-0.43861544	-0.39985535
341255630195733	0.7539495	-0.34882748	-0.3648016
341255827888604	0.82173806	-0.25409257	-0.27711752
341256025611993	0.7688266	-0.2182317	-0.24695122
341256223335381	0.62178373	-0.37037364	-0.32900408
341256421089288	0.5595068	-0.44553947	-0.39157775
341256618812676	0.67597425	-0.40177703	-0.40339324
341256816566583	0.79084164	-0.28496796	-0.33283636
341257014289971	0.8104668	-0.18966793	-0.24109687
341257212043877	0.7273829	-0.23269778	-0.2741489
341257409767266	0.5737668	-0.39589155	-0.36663762
341257607460137	0.5919984	-0.43615746	-0.41103986
341257805153008	0.7460526	-0.35862318	-0.369466
341258002876397	0.8152276	-0.27321932	-0.28923878
341258200599786	0.76071733	-0.24056497	-0.27096263
341258398323174	0.6134398	-0.3803363	-0.34814057
341258596016045	0.5511433	-0.45171458	-0.4075594
341258793739434	0.6752951	-0.40315032	-0.40615427
341258991432305	0.78499895	-0.3049159	-0.33419865
341259189125176	0.7903895	-0.23341122	-0.26880717
341259386818047	0.70141214	-0.2778637	-0.30574444
341259584510918	0.55697453	-0.4186653	-0.38371754
341259782203790	0.59007573	-0.44085532	-0.41723713
341259979927178	0.7461625	-0.35432047	-0.37522805
341260177650567	0.81712973	-0.26618227	-0.2893618
341260375373956	0.76820064	-0.2390302	-0.27401215
341260573124591	0.617353	-0.38498497	-0.3649404
341260770817462	0.5260183	-0.46860236	-0.42288598
341260968540851	0.63263416	-0.4470537	-0.41884434
341261166233722	0.759974	-0.37098032	-0.35557726
341261363957110	0.7860321	-0.3081213	-0.2977063
341261561680499	0.71620643	-0.3035741	-0.31842548
341261759312335	0.56814003	-0.4337626	-0.38585475
341261957035724	0.57266647	-0.46282703	-0.4099063
341262154759112	0.7262726	-0.3850287	-0.38008124
341262352451983	0.8119355	-0.29495507	-0.29498807
341262550205890	0.776517	-0.24551813	-0.26112157
341262747898761	0.6440592	-0.35709465	-0.34055465
341262945591632	0.53582555	-0.45858115	-0.40655288
341263143253985	0.61998886	-0.44736427	-0.4237692
341263340885821	0.7654274	-0.3469186	-0.35743728
341263538609210	0.80635405	-0.25508723	-0.27852967
341263736302081	0.7402324	-0.23753051	-0.28116757
341263933964435	0.5916708	-0.3951495	-0.35920635
341264131687823	0.5693558	-0.45680377	-0.40645817
341264329380694	0.72010934	-0.38787934	-0.38279352
341264527043048	0.8168887	-0.2904921	-0.29404882
341264724705401	0.7803406	-0.25523147	-0.27063644
341264922398272	0.6410178	-0.37135985	-0.3543369
341265120121661	0.5363283	-0.46173054	-0.420152
341265317814532	0.6407097	-0.43474224	-0.4231581
341265515476886	0.7737465	-0.33872095	-0.35995442
341265713139239	0.80176926	-0.26002744	-0.2848112
341265910801593	0.72887146	-0.24951905	-0.29716328
341266108494464	0.57610685	-0.4033274	-0.384032
341266306156817	0.5695749	-0.45895326	-0.4328312
341266503880206	0.7356287	-0.37258175	-0.38656142
341266701573077	0.8238984	-0.27361873	-0.28757286
341266899296466	0.77493453	-0.23590948	-0.27029294
341267097050372	0.62077045	-0.37802282	-0.36845392
341267294712726	0.52679855	-0.4688822	-0.43373382
341267492375079	0.62903565	-0.45010847	-0.43731973
341267690067950	0.7694527	-0.3422825	-0.3633767
341267887730304	0.8094693	-0.2408558	-0.27415103
341268085423175	0.72863686	-0.26063824	-0.30391175
341268283116046	0.5721855	-0.40954447	-0.39124554
341268480778399	0.5843909	-0.4493274	-0.43512416
341268678440753	0.7396968	-0.36867464	-0.39260274
341268876133624	0.8276208	-0.2501651	-0.28330123
341269073826495	0.78333706	-0.19675799	-0.24792343
341269271488849	0.64545417	-0.3362892	-0.32074445
341269469242755	0.5754342	-0.42339984	-0.3917077
341269666966144	0.69299734	-0.37065583	-0.3944513
341269864659015	0.8069929	-0.2291523	-0.31624264
341270062351886	0.8271615	-0.10392373	-0.21265341
341270260014239	0.7482528	-0.14875056	-0.24189653
341270457646075	0.5986504	-0.33795348	-0.34433305
341270655330985	0.5973754	-0.40343404	-0.39558807
341270853023856	0.7496726	-0.33499965	-0.36162066
341271050716727	0.837063	-0.23556788	-0.26929632
341271248409599	0.799858	-0.1843432	-0.23816122
341271446102470	0.6702847	-0.30474025	-0.31693143
341271643795341	0.5584101	-0.4137888	-0.38311803
341271841518729	0.6388158	-0.4004416	-0.4014686
341272039242118	0.78873664	-0.281547	-0.33603498
341272236904472	0.8323416	-0.16904584	-0.23773411
341272434627860	0.7681098	-0.14921084	-0.21851504
341272632351249	0.6367917	-0.31620347	-0.29918608
341272830044120	0.6067728	-0.386327	-0.35370204
341273027736991	0.74208367	-0.30605865	-0.34826794
341273225490897	0.84172046	-0.15258153	-0.25154072
341273423183769	0.82385147	-0.05636387	-0.16571423
341273620998710	0.73400444	-0.1517711	-0.21346681
341273818661063	0.6140211	-0.31554028	-0.2964212
341274016384452	0.64908147	-0.34168857	-0.34547713
341274214107841	0.79312766	-0.23459758	-0.31113896
341274411831229	0.8552961	-0.09985703	-0.20526373
341274609524101	0.7962826	-0.080367446	-0.1733991
341274807216972	0.66122055	-0.28203595	-0.27970544
341275004879325	0.5826868	-0.39426804	-0.36371812
341275202511161	0.6864914	-0.35800892	-0.38726974
341275400173515	0.8079436	-0.22738186	-0.3137245
341275597866386	0.8291829	-0.12896672	-0.21444997
341275795589774	0.74784976	-0.16997716	-0.23617166
341275993282645	0.59825444	-0.35016802	-0.33346653
341276190944999	0.59476787	-0.41121024	-0.3881302
341276388637870	0.7411577	-0.34681553	-0.37021762
341276586300224	0.83072424	-0.24910374	-0.2774068
341276783962577	0.78667736	-0.21711484	-0.25589943
341276981655448	0.64233935	-0.34945288	-0.3500131
341277179348319	0.5316778	-0.45345747	-0.4223015
341277377041190	0.6207044	-0.43762973	-0.43622333
341277574734061	0.76357305	-0.34073856	-0.36691955
341277772457450	0.7990724	-0.2719818	-0.29019818
341277970180839	0.71451235	-0.2844792	-0.32282093
341278167904227	0.54905605	-0.4266649	-0.4137934
341278365627616	0.54993653	-0.47630113	-0.44209853
341278563289970	0.70514196	-0.42648932	-0.39939383
341278760982841	0.7961389	-0.3537109	-0.31113383
341278958675712	0.7561283	-0.32400832	-0.30406564
341279156399101	0.61055934	-0.41881797	-0.3836771
341279354061454	0.51270425	-0.49945804	-0.44666407
341279551784843	0.6198666	-0.46803764	-0.44965
341279749477714	0.7595427	-0.36044693	-0.36798188
341279947170585	0.7942542	-0.28301448	-0.2810279
341280144893974	0.72127783	-0.2852496	-0.3082834
341280342617362	0.55614644	-0.4375371	-0.39866096
341280540340751	0.5663117	-0.4838754	-0.4350633
341280738065721	0.7290503	-0.40488815	-0.38537237
341280935819627	0.8106953	-0.30717754	-0.29674622
341281133543016	0.76648986	-0.26087484	-0.28055412
341281331296922	0.61278915	-0.39395422	-0.36391073
341281528959275	0.5382226	-0.47511354	-0.43611395
341281726652146	0.6631658	-0.43316215	-0.4328486
341281924375535	0.7813632	-0.3432835	-0.35048303
341282122037889	0.7743312	-0.28947723	-0.30843627
341282319700242	0.66524255	-0.33323836	-0.35980794
341282517362596	0.51807827	-0.45568448	-0.43923348
341282715085984	0.57151777	-0.47115788	-0.46312362
341282912778855	0.73015946	-0.39713505	-0.39738867
341283110532762	0.7824739	-0.33416787	-0.32427487
341283308286668	0.7179475	-0.31080115	-0.3347962
341283506010057	0.5626507	-0.43480992	-0.40421265
341283703763963	0.54216856	-0.49115738	-0.44759205
341283901487351	0.70022714	-0.42958775	-0.4112456
341284099210740	0.79768217	-0.3435952	-0.32134402
341284296995164	0.7724767	-0.28859696	-0.29755637
341284494749070	0.6473718	-0.36219716	-0.36569867
341284692502976	0.52510506	-0.47221062	-0.44040003
341284890226365	0.60222405	-0.46517894	-0.44915947
341285087949754	0.74117124	-0.37003705	-0.38029388
341285285642625	0.79479283	-0.2907701	-0.28173757
341285483366014	0.73036265	-0.2870313	-0.29598266
341285681180955	0.570658	-0.42427713	-0.37554643
341285878873826	0.56630045	-0.4721725	-0.4080354
341286076597215	0.7181545	-0.38910013	-0.3708417
341286274351121	0.81660974	-0.27224576	-0.25832716
341286472074510	0.79680395	-0.22829852	-0.19964264
341286669797898	0.68664086	-0.32414836	-0.24529819
341286867582322	0.58694386	-0.43074203	-0.31779614
341287065305711	0.6943442	-0.36868557	-0.31921855
341287263029100	0.834049	-0.1660583	-0.19824414
341287460752488	0.8501406	-0.03593935	-0.07849634
341287658475877	0.78782266	-0.04354468	-0.05353773
341287856199266	0.67601615	-0.2688691	-0.158549
341288053922654	0.7005146	-0.29807672	-0.24014321
341288251615525	0.8382854	-0.06935367	-0.13898093
341288449369432	0.85164434	0.13924685	0.015587453
341288647092820	0.7896214	0.1598355	0.07667797
341288844785691	0.73082644	-0.11497884	-0.036562562
341289042478562	0.71248	-0.24700354	-0.15195583
341289240171433	0.822573	-0.07650082	-0.13292691
341289437894822	0.84074545	0.21377733	0.038500335
341289635648728	0.776762	0.3005652	0.15863894
341289833402635	0.7564725	0.062484328	0.06807955
341290031095506	0.69988585	-0.17066567	-0.068096705
341290228849412	0.7617022	-0.15523687	-0.15273024
341290426511766	0.8386232	0.117069766	-0.052480634
341290624244722	0.79548913	0.32215565	0.11209692
341290821968111	0.7558057	0.24243955	0.1269354
341291019660982	0.7158712	-0.07039649	-0.0067960084
341291217353853	0.71702415	-0.18875611	-0.12831305
341291415077242	0.8287782	-0.018014045	-0.11795026
341291612831148	0.83862746	0.25292188	0.037055455
341291810554537	0.775365	0.30865657	0.14496388
341292008308443	0.7566637	0.05942459	0.06150866
341292206031832	0.7129316	-0.14075558	-0.054076754
341292403724703	0.7780039	-0.08769751	-0.12423313
341292601448091	0.8236343	0.19226831	-0.008302867
341292799171480	0.7703573	0.36333036	0.14980686
341292996864351	0.7381991	0.27367258	0.15674104
341293194618257	0.71681535	-0.011963991	0.04403629
341293392341646	0.73821074	-0.10509469	-0.07457768
341293590065035	0.8247265	0.09280515	-0.06512172
341293787788423	0.8010269	0.33321893	0.06934252
341293985542330	0.75205326	0.31498933	0.12998277
341294183296236	0.73254955	0.039010342	0.017877314
341294380989107	0.69597834	-0.15260857	-0.116453
341294578712496	0.7595432	-0.13789414	-0.2117301
341294776405367	0.8276544	0.05462977	-0.14366065
341294974128755	0.8174481	0.18415537	-0.01895401
341295171852144	0.76283646	0.08139648	-0.05562668
341295369606050	0.67061645	-0.1807567	-0.18489805
341295567390474	0.6634208	-0.28947616	-0.2942368
341295765113863	0.7789775	-0.2090618	-0.31478468
341295962806734	0.8501361	-0.036301572	-0.20905983
341296160530123	0.8067086	0.011961129	-0.14263637
341296358253511	0.6962355	-0.17600074	-0.24186246
341296555976900	0.5835425	-0.3435449	-0.3479475
341296753700289	0.63616645	-0.37190658	-0.40221936
341296951454195	0.7645378	-0.2809586	-0.37029326
341297149177584	0.8216334	-0.17709503	-0.26832175
341297346931490	0.7480537	-0.19950214	-0.2770666
341297544624361	0.5797492	-0.3831847	-0.3650801
341297742378267	0.5457116	-0.4518928	-0.4201345
341297940010103	0.6941979	-0.39174742	-0.4125045
341298137764009	0.8156896	-0.2842445	-0.3140138
341298335487398	0.77305186	-0.27490562	-0.3071254
341298533210787	0.60636777	-0.40452313	-0.40126386
341298730934175	0.49319226	-0.5017481	-0.46568406
341298928627046	0.58095443	-0.4973065	-0.48531696
341299126350435	0.73542434	-0.40484348	-0.4049478
341299324073824	0.7813801	-0.33015373	-0.32654676
341299521797212	0.7027481	-0.333936	-0.35738507
341299719520601	0.5304221	-0.46850827	-0.43963128
341299917274507	0.5270443	-0.5069618	-0.46618935
341300115028414	0.6780345	-0.45075545	-0.43308547
341300312812837	0.770761	-0.375909	-0.34926024
341300510566744	0.7406766	-0.33810264	-0.33253938
341300708309985	0.5997707	-0.42970687	-0.4176396
341300906124926	0.4853564	-0.5084331	-0.47028702
341301103848315	0.56887186	-0.499898	-0.46731302
341301301541186	0.7150585	-0.42353478	-0.40667433
341301499295092	0.77264255	-0.3379714	-0.32063767
341301697048999	0.7215029	-0.30612445	-0.3192498
341301894772387	0.5750883	-0.42667255	-0.39362034
341302092526294	0.5217952	-0.49698007	-0.4387684
341302290280200	0.64277035	-0.46554768	-0.43297544
341302488003588	0.75648993	-0.37554958	-0.35354993
341302685726977	0.7781433	-0.28934672	-0.28298745
341302883450366	0.69888103	-0.3009556	-0.32178882
341303081173754	0.5502985	-0.43164036	-0.400996
341303278927661	0.56602937	-0.46904114	-0.437721
341303476681567	0.7162603	-0.40541103	-0.39865568
341303674374438	0.7953231	-0.316992	-0.3044441
341303872128344	0.74951476	-0.27601174	-0.28493857
341304069851733	0.60963476	-0.3939459	-0.36194727
341304267575122	0.5239032	-0.48209658	-0.4327099
341304465298510	0.6303056	-0.45515418	-0.43482995
341304663021899	0.75265133	-0.35539642	-0.36162218
341304860775805	0.7890035	-0.2639747	-0.27635145
341305058529711	0.7258027	-0.2740874	-0.29946974
341305256283618	0.56615275	-0.42579737	-0.3836802
341305454007006	0.551101	-0.48050174	-0.4197912
341305651760913	0.689987	-0.4029868	-0.39561084
341305849514819	0.78528696	-0.28617355	-0.2939632
341306047238208	0.768917	-0.2598394	-0.2494657
341306244992114	0.6348043	-0.3922388	-0.33705333
341306442746020	0.5354974	-0.49383464	-0.40577
341306640499926	0.65268016	-0.44981936	-0.4084531
341306838253833	0.77097255	-0.3433774	-0.33227766
341307036007739	0.7553148	-0.31662583	-0.29470134
341307233761645	0.6461783	-0.37719697	-0.3493293
341307431485034	0.51491725	-0.485813	-0.4135317
341307629177905	0.58445644	-0.48162642	-0.44200817
341307826931811	0.72677255	-0.38617423	-0.3924443
341308024716235	0.7646974	-0.34354112	-0.32217628
341308222439624	0.6816676	-0.36995518	-0.3552424
341308420163012	0.52776986	-0.47885454	-0.41769674
341308617916919	0.52509457	-0.5142388	-0.45343104
341308815609790	0.6761477	-0.44685802	-0.4294269
341309013333178	0.75209016	-0.39703348	-0.36372012
341309211056567	0.69667244	-0.40538076	-0.37606668
341309408779956	0.55974805	-0.46510834	-0.4388006
341309606503344	0.46383435	-0.52611905	-0.48336667
341309804318286	0.56518865	-0.51286376	-0.48028022
341310001980639	0.6890989	-0.4626038	-0.42966664
341310199704028	0.7140641	-0.43804833	-0.38527924
341310397457934	0.65496486	-0.41007516	-0.40817282
341310595210098	0.50620675	-0.49136648	-0.45148215
341310792933487	0.5030023	-0.5269726	-0.4716701
341310990687393	0.6636544	-0.4725897	-0.437027
341311188380264	0.74812645	-0.42695493	-0.360419
341311386073136	0.72389054	-0.37545744	-0.3549201
341311583796524	0.5855932	-0.44218823	-0.42029318
341311781489395	0.44997028	-0.53838253	-0.49519336
341311979151749	0.5497008	-0.5277519	-0.48406857
341312176875137	0.6662419	-0.5033217	-0.43486097
341312374598526	0.66270745	-0.52816063	-0.40845168
341312572260880	0.5988975	-0.50561935	-0.45705533
341312769984268	0.48084214	-0.524644	-0.4811828
341312967738175	0.4988977	-0.54540896	-0.4863404
341313165431046	0.6376242	-0.5276676	-0.44714606
341313363184952	0.6633174	-0.5585285	-0.40338472
341313560908341	0.5626752	-0.5938163	-0.46487185
341313758601212	0.4878587	-0.5579719	-0.49539292
341313956355118	0.446849	-0.563159	-0.50284195
341314154109024	0.57289445	-0.5371107	-0.47941166
341314351801895	0.6625269	-0.5271628	-0.43244854
341314549525284	0.6293658	-0.5602073	-0.43074265
341314747248673	0.56980467	-0.5297928	-0.47907168
341314944972061	0.48791057	-0.5213537	-0.4687264
341315142695450	0.54356503	-0.5111235	-0.45704958
341315340418839	0.7081984	-0.43026432	-0.39931023
341315538142227	0.75758994	-0.41038007	-0.3393625
341315735865616	0.74292433	-0.31662032	-0.29816747
341315933558487	0.62988895	-0.37561578	-0.318117
341316131220841	0.5682105	-0.45394287	-0.3808379
341316328944229	0.71380436	-0.36311227	-0.35249817
341316526637100	0.8335345	-0.17261794	-0.23439819
341316724329971	0.8328126	0.05813607	-0.054775678
341316922022843	0.7692726	-0.01803188	-0.077040866
341317119715714	0.645602	-0.29755467	-0.23992558
341317317408585	0.6560304	-0.36143464	-0.32479164
341317515070938	0.80993855	-0.2032729	-0.26874146
341317712763809	0.8702478	-0.008383767	-0.12110983
341317910426163	0.81781846	0.091458976	-0.019524582
341318108149552	0.7241751	-0.17014208	-0.15331087
341318305842423	0.6248253	-0.35068062	-0.2822787
341318503504776	0.73175436	-0.2892441	-0.3141645
341318701197647	0.8721217	-0.039881364	-0.19306979
341318898890518	0.86312765	0.1415993	-0.03496998
341319096552872	0.7950085	0.092479914	-0.030054085
341319294245743	0.6886215	-0.23757854	-0.19590168
341319491908096	0.64211196	-0.35912585	-0.2815442
341319689539932	0.78202724	-0.22321042	-0.26129872
341319887202286	0.8639838	0.035687227	-0.11595354
341320084864639	0.8084081	0.1671125	0.023022795
341320282496475	0.7479338	-0.042262863	-0.061622165
341320480189346	0.6730333	-0.23566511	-0.17566638
341320677914760	0.7371639	-0.20482312	-0.2450066
341320875577113	0.830054	0.016768139	-0.16226332
341321073269984	0.8201995	0.17582487	-0.015423935
341321270962855	0.76278734	0.0760266	-0.025412032
341321468686244	0.66904867	-0.18845509	-0.1575372
341321666348597	0.6715335	-0.27759224	-0.26195517
341321864102504	0.80545175	-0.14351977	-0.25078055
341322061734340	0.8626731	0.05281485	-0.11736625
341322259457728	0.8129363	0.082621664	-0.049083788
341322457150599	0.72114193	-0.12674245	-0.15201664
341322654843470	0.62566155	-0.29840016	-0.25292376
341322852475306	0.69649357	-0.2915874	-0.3075664
341323050168178	0.8301899	-0.12202582	-0.23366524
341323247830531	0.8481743	-0.0035103818	-0.1215529
341323445462367	0.779804	-0.03873753	-0.11889908
341323643155238	0.66765624	-0.24913459	-0.21955064
341323840848109	0.6579899	-0.32082292	-0.29364726
341324038602015	0.79788166	-0.1816729	-0.2698903
341324236294886	0.8586677	0.006462723	-0.15146321
341324433987758	0.80582225	0.047275968	-0.0798424
341324631680629	0.70532084	-0.15617883	-0.18960188
341324829373500	0.60462517	-0.32146966	-0.2859952
341325027096888	0.6772037	-0.31198278	-0.322364
341325224820277	0.81890047	-0.15323496	-0.2512779
341325422513148	0.84257233	-0.035507802	-0.14981288
341325620206019	0.77242255	-0.04431529	-0.123197734
341325817898890	0.6608775	-0.24318813	-0.20353386
341326015561244	0.6491093	-0.30834925	-0.27120587
341326213254115	0.78260607	-0.1786998	-0.26733646
341326410946986	0.8535511	0.029337736	-0.13875002
341326608639857	0.8116772	0.09173653	-0.047258087
341326806302211	0.7259699	-0.09933307	-0.13309577
341327004025599	0.6245915	-0.2873421	-0.23279579
341327201687953	0.6829953	-0.29632178	-0.29779395
341327399350306	0.8189495	-0.12370629	-0.24367696
341327597012660	0.8400588	0.044313803	-0.11966399
341327794705531	0.77740514	0.037117306	-0.074321605
341327992337367	0.683043	-0.19759117	-0.17319274
341328189999720	0.64720166	-0.31077635	-0.26645356
341328387662074	0.76203746	-0.21861526	-0.2924902
341328585324428	0.84673405	-0.010893737	-0.17133462
341328782956263	0.81663275	0.0856915	-0.061054714
341328980618617	0.7378343	-0.06118408	-0.13399667
341329178250453	0.62259203	-0.2706209	-0.25356668
341329375943324	0.6472216	-0.3221074	-0.34322098
341329573605678	0.78703374	-0.2308356	-0.31912857
341329771268031	0.844739	-0.15129879	-0.23148303
341329968960902	0.770124	-0.17375895	-0.2441977
341330166653773	0.6076016	-0.35405225	-0.3558738
341330364285609	0.51381797	-0.4708725	-0.4374826
341330561917445	0.61758864	-0.45012704	-0.4542819
341330759570020	0.7516951	-0.35974687	-0.37422997
341330957201856	0.77048236	-0.33753738	-0.3151255
341331154925244	0.70416766	-0.31950235	-0.33828214
341331352587598	0.5606757	-0.4184366	-0.3839528
341331550249951	0.5717087	-0.45181873	-0.4023034
341331747912305	0.7366198	-0.36655062	-0.35329628
341331945605176	0.8153048	-0.2950893	-0.2737594
341332143298047	0.7732943	-0.27836415	-0.26996243
341332341021436	0.66524833	-0.32552654	-0.30443725
341332538653272	0.56021696	-0.42629847	-0.3776722
341332736346143	0.655702	-0.39525574	-0.38812453
341332934008496	0.7993378	-0.26534525	-0.3158672
341333131701367	0.8303727	-0.18819265	-0.23374727
341333329363721	0.7759223	-0.13368213	-0.19473782
341333527026074	0.6442516	-0.3142483	-0.27390406
341333724657910	0.6157299	-0.38766128	-0.33940446
341333922350781	0.7590306	-0.2756168	-0.3291275
341334119921582	0.85296476	-0.10013124	-0.21311739
341334317522900	0.82240665	-0.007855631	-0.12002586
341334515154736	0.7275115	-0.13385141	-0.18323395
341334712786572	0.59892106	-0.33838192	-0.29873633
341334910418408	0.6398993	-0.36397696	-0.35743895
341335108050244	0.7923669	-0.23184839	-0.3110593
341335305712598	0.8441479	-0.12414217	-0.21919654
341335503405469	0.78467304	-0.083689116	-0.17005673
341335701067822	0.6509965	-0.29126063	-0.2728157
341335898760693	0.5799491	-0.40521047	-0.3634596
341336096423047	0.69401443	-0.3560062	-0.3801001
341336294024365	0.8044014	-0.24443296	-0.30364975
341336491656201	0.8013508	-0.20871009	-0.2531214
341336689318555	0.7164796	-0.23611395	-0.2899273
341336886950391	0.566498	-0.39741376	-0.37905863
341337084643262	0.58843726	-0.4395282	-0.41955298
341337282275098	0.74065644	-0.37085348	-0.37783653
341337479906934	0.80233496	-0.32215223	-0.30205494
341337677569287	0.7519576	-0.30412072	-0.3025016
341337875201123	0.60708815	-0.40669554	-0.37395972
341338072924512	0.5107739	-0.49276474	-0.4396381
341338270556348	0.6157451	-0.47053173	-0.4411137
341338468218701	0.74252325	-0.3884784	-0.3787242
341338665850537	0.7885407	-0.3085206	-0.29350168
341338863512891	0.7331699	-0.2712241	-0.2942406
341339061144727	0.56997025	-0.42311272	-0.37935245
341339258746045	0.5576759	-0.47940427	-0.43042558
341339456377881	0.720456	-0.39841062	-0.3897747
341339654009717	0.80781466	-0.3149075	-0.30175084
341339851641553	0.78026974	-0.23386842	-0.2577282
341340049273389	0.6399837	-0.3543046	-0.33956236
341340246874707	0.52507126	-0.47397357	-0.43361455
341340444506543	0.63160175	-0.44508085	-0.43119273
341340642165781	0.7680798	-0.3480658	-0.35631752
341340839828134	0.79667497	-0.28546873	-0.28546634
341341037429452	0.74578434	-0.21860547	-0.26101846
341341235122324	0.5938393	-0.3847665	-0.35411653
341341432784677	0.58774674	-0.43747112	-0.3927831
341341630447031	0.7412777	-0.35511214	-0.36365506
341341828078866	0.83318293	-0.24758875	-0.27113354
341342025710702	0.8015814	-0.18260112	-0.22369294
341342223373056	0.6691312	-0.31181717	-0.30540907
341342421004892	0.5424089	-0.449952	-0.4055532
341342618667245	0.62926394	-0.43953925	-0.4199546
341342816268564	0.76519215	-0.3483824	-0.35950497
341343013961435	0.80042577	-0.28419438	-0.2872609
341343211654306	0.74561274	-0.24078463	-0.27816537
341343409286142	0.5981231	-0.3849416	-0.35461164
341343606948495	0.58291584	-0.4424308	-0.39714608
341343804610849	0.73978597	-0.3523758	-0.3662717
341344002273202	0.830715	-0.25069994	-0.27113757
341344199905038	0.8015119	-0.20777135	-0.22956479
341344397536874	0.69642735	-0.26901293	-0.26657516
341344595168710	0.5783127	-0.3976914	-0.34780625
341344792861581	0.6576727	-0.35749444	-0.3678723
341344990523935	0.81125873	-0.1910524	-0.275595
341345188155771	0.8371824	-0.14055945	-0.21047322
341345385818124	0.77272886	-0.11698756	-0.18263005
341345583480478	0.6497149	-0.29200485	-0.25716674
341345781142831	0.6243951	-0.3731968	-0.3222288
341345978866220	0.7672991	-0.2561735	-0.30695114
341346176498056	0.85509413	-0.0596636	-0.18562491
341346374160409	0.8169877	0.04775337	-0.07767889
341346571822763	0.7278868	-0.10945181	-0.14447367
341346769485116	0.622733	-0.30384	-0.26201317
341346967177988	0.687598	-0.29799554	-0.3239544
341347164840341	0.8175548	-0.10825013	-0.25310344
341347362502695	0.83588886	0.06855242	-0.10663536
341347560165048	0.7662416	0.03443813	-0.08369591
341347757796884	0.6519669	-0.24037845	-0.22408324
341347955489755	0.62647307	-0.3467849	-0.3244328
341348153182626	0.76534504	-0.24477169	-0.3177546
341348350906015	0.8531782	-0.050957453	-0.19841965
341348548568368	0.8081089	0.062010817	-0.087111525
341348746230722	0.71133006	-0.13015395	-0.1722494
341348943923593	0.6040917	-0.31882387	-0.29193065
341349141616464	0.67423105	-0.31096166	-0.34025806
341349339278818	0.8121647	-0.12899633	-0.2690093
341349536941171	0.8359656	0.055680532	-0.124685615
341349734634042	0.7640886	0.06963417	-0.05688494
341349932265878	0.66690665	-0.20016044	-0.18030012
341350129958749	0.65380716	-0.2983843	-0.27740258
341350327651620	0.7876558	-0.18011521	-0.27151483
341350525313974	0.8551725	0.0335974	-0.1452881
341350723034768	0.80060464	0.10897172	-0.051415704
341350920697121	0.71605945	-0.10866307	-0.1518705
341351118359475	0.623842	-0.28646803	-0.25435174
341351316021828	0.69452715	-0.2826393	-0.300918
341351513684182	0.82220775	-0.1146137	-0.23761053
341351711346535	0.84231067	0.04943826	-0.11230418
341351909039406	0.77628833	0.015839363	-0.10190654
341352106701760	0.66087294	-0.23966372	-0.22025324
341352304333596	0.63988113	-0.33919537	-0.31014466
341352501995949	0.7768432	-0.24804014	-0.300345
341352699658303	0.8596596	-0.09081164	-0.19173741
341352897381691	0.82216805	-0.027827634	-0.12514201
341353095044045	0.71650374	-0.19607714	-0.20998251
341353292736916	0.6148	-0.3481702	-0.30603227
341353490399270	0.68410707	-0.33717322	-0.35441878
341353688031105	0.8113273	-0.18908684	-0.28681862
341353885662941	0.8416339	-0.07016483	-0.175859
341354083264260	0.770938	-0.085776076	-0.16775198
341354280896096	0.63138604	-0.30443242	-0.2803046
341354478527932	0.6067952	-0.3931401	-0.35557792
341354676159768	0.745897	-0.31811106	-0.346315
341354873822121	0.83870006	-0.18875436	-0.25358358
341355071484475	0.80631757	-0.12059859	-0.19729199
341355269146828	0.6903826	-0.23300937	-0.25050715
341355466778664	0.5765197	-0.3818597	-0.34674418
341355664410500	0.6616093	-0.35900337	-0.36741298
341355862042336	0.80814344	-0.19934107	-0.2871639
341356059704689	0.8455967	-0.056697704	-0.1708221
341356257306008	0.7802119	-0.015594125	-0.12122022
341356454937844	0.6633899	-0.2497041	-0.22869053
341356652600197	0.63603246	-0.34231907	-0.30541757
341356850262551	0.7752621	-0.23082593	-0.28466883
341357047894387	0.85987854	-0.032058217	-0.16299692
341357245587258	0.8148678	0.07876425	-0.06039234
341357443249611	0.7298111	-0.08277404	-0.131559
341357640911965	0.63077873	-0.28613895	-0.250758
341357838574318	0.6840276	-0.30515626	-0.31833148
341358036267189	0.82156444	-0.14135443	-0.25329062
341358233837990	0.8506687	0.0150084	-0.12942506
341358431500344	0.78579843	0.023794642	-0.08862204
341358629132180	0.6857022	-0.20617221	-0.19137956
341358826794533	0.65246147	-0.3129477	-0.28237996
341359024456887	0.77635705	-0.21794239	-0.28852347
341359222088723	0.85915464	-0.018201496	-0.17349535
341359419751076	0.82056516	0.08199174	-0.067887366
341359617352395	0.7404423	-0.06831085	-0.13712732
341359815014748	0.63801104	-0.26425743	-0.24465725
341360012616066	0.68796164	-0.2879358	-0.30171618
341360210186867	0.82401705	-0.1300369	-0.24867733
341360407788186	0.85668546	0.04660575	-0.12083282
341360605375636	0.79750276	0.05231902	-0.07105965
341360803007472	0.69664186	-0.19028969	-0.17621897
341361000639308	0.6470305	-0.31718042	-0.27824107
341361198271144	0.75785106	-0.24152572	-0.29953465
341361395902980	0.8450976	-0.03993664	-0.19433396
341361593504298	0.82371026	0.092161655	-0.07068576
341361791136134	0.75375634	-0.017988296	-0.11546157
341361988737452	0.63943034	-0.25602332	-0.24417739
341362186338771	0.66106284	-0.31890544	-0.33737117
341362383970607	0.80671644	-0.18977574	-0.29305524
341362581632960	0.8582027	-0.053057294	-0.18152489
341362779264796	0.79255676	-0.04289716	-0.146462
341362976927150	0.6682003	-0.25470918	-0.2402153
341363174558986	0.6205902	-0.35830677	-0.3245985
341363372160304	0.7477881	-0.27636257	-0.32749745
341363569822657	0.84699124	-0.10062981	-0.2219472
341363767515528	0.8226834	-0.007592669	-0.13621742
341363965147364	0.7343507	-0.12221767	-0.19126987
341364162779200	0.6187432	-0.31044412	-0.28907064
341364360411036	0.67053443	-0.3238379	-0.3401128
341364558073390	0.8154114	-0.16643733	-0.27588016
341364755705226	0.8552366	-0.015931645	-0.15553576
341364953367579	0.7871915	-0.0030080888	-0.118347876
341365150999415	0.6644582	-0.24463798	-0.22681282
341365348631251	0.63492817	-0.3381675	-0.30838016
341365546263087	0.7903697	-0.22718495	-0.28985068
341365743925441	0.8931246	-0.044321876	-0.17856513
341365941557277	0.8544002	0.023211379	-0.11055633
341366139219630	0.7412804	-0.1726479	-0.21244976
341366336912501	0.6010636	-0.380883	-0.31554377
341366534574855	0.6397705	-0.390621	-0.3621311
341366732237208	0.80524415	-0.20731674	-0.28438714
341366929869044	0.86039525	-0.02183971	-0.1428196
341367127531398	0.78694654	0.011006767	-0.09052827
341367325193751	0.6621111	-0.2551765	-0.2171146
341367522856105	0.6343492	-0.35756302	-0.3209688
341367720548976	0.78293335	-0.23655789	-0.29721418
341367918211329	0.8705049	-0.03509074	-0.15351325
341368115873683	0.8252355	0.05072849	-0.055901542
341368313505519	0.7257029	-0.16319884	-0.1635516
341368511198390	0.6220353	-0.34289488	-0.2907156
341368708921778	0.706672	-0.30674267	-0.32236522
341368906614650	0.83474857	-0.113895096	-0.22330403
341369104307521	0.8521995	0.02876471	-0.08792824
341369302000392	0.78611654	-0.022672236	-0.09186196
341369499693263	0.6637668	-0.27197307	-0.21547334
341369697355616	0.66358995	-0.33506104	-0.292168
341369895048487	0.80594075	-0.19552393	-0.26558825
341370092771876	0.8714604	0.0010931608	-0.13510859
341370290373195	0.81819016	0.040182192	-0.07104259
341370488005030	0.7036385	-0.21087539	-0.203549
341370685635427	0.6006895	-0.37350202	-0.32488194
341370883267263	0.6837079	-0.35783955	-0.36412016
341371080899099	0.81048006	-0.22150403	-0.2943441
341371278591970	0.8468687	-0.090385415	-0.1799288
341371476254324	0.77445036	-0.12352547	-0.20389383
341371673886160	0.6045852	-0.3744289	-0.34646952
341371871487478	0.5715801	-0.46542358	-0.4250567
341372069149832	0.7196121	-0.3982238	-0.40493116
341372266873220	0.81390506	-0.3056554	-0.31002188
341372464535574	0.7766329	-0.27402642	-0.28571904
341372662197927	0.62511635	-0.39955148	-0.38619128
341372859890798	0.5004792	-0.5051136	-0.4686629
341373057553152	0.57738507	-0.50359505	-0.48456898
341373255215506	0.7091168	-0.43366987	-0.42827842
341373452877859	0.7532316	-0.38618928	-0.34667975
341373650509695	0.6880392	-0.37619308	-0.3738453
341373848172048	0.5331345	-0.47337255	-0.4366316
341374045803884	0.52484035	-0.5115675	-0.46221477
341374243466238	0.6754226	-0.46070075	-0.42803407
341374441128591	0.74886686	-0.42964792	-0.35800168
341374638790945	0.6915517	-0.4456696	-0.37722912
341374836453298	0.57506293	-0.47970393	-0.4368677
341375034115652	0.479426	-0.53586316	-0.4774172
341375231747488	0.5771583	-0.51608545	-0.47008997
341375429348806	0.7065394	-0.4476001	-0.41496676
341375627011160	0.7584289	-0.3828468	-0.33015352
341375824673513	0.7044356	-0.35307994	-0.35158217
341376022305349	0.54003096	-0.46483472	-0.4367358
341376219967703	0.5015841	-0.5274471	-0.47204372
341376417599539	0.6332845	-0.4953873	-0.4444323
341376615292410	0.7240407	-0.43944526	-0.37157133
341376812954763	0.7410387	-0.3709037	-0.31854734
341377010617117	0.66553044	-0.39435086	-0.37183055
341377208218435	0.53078383	-0.5057625	-0.43839934
341377405850271	0.5576349	-0.52078027	-0.4596188
341377603482107	0.68289757	-0.45153144	-0.4140954
341377801144461	0.73899907	-0.40590957	-0.32006317
341377998837332	0.67848736	-0.43207234	-0.35669392
341378196469168	0.52490443	-0.5384235	-0.44590122
341378394101004	0.48633537	-0.57003003	-0.47799957
341378591793875	0.62143767	-0.5269764	-0.43958658
341378789425711	0.7084965	-0.50226855	-0.35094967
341378987088064	0.6438654	-0.52536	-0.37751567
341379184750418	0.49109226	-0.58013356	-0.45691648
341379382412771	0.40604296	-0.6277213	-0.5025772
341379580014089	0.5271886	-0.6256109	-0.47852126
341379777645925	0.6135028	-0.61812824	-0.41382965
341379975338797	0.60284835	-0.60520023	-0.40915206
341380173031668	0.5073649	-0.6057771	-0.49336502
341380370694021	0.38729745	-0.62325734	-0.5264069
341380568325857	0.4208279	-0.6346344	-0.5138567
341380765982247	0.5532152	-0.6289506	-0.4618504
341380963644601	0.646546	-0.5953889	-0.35865504
341381161306954	0.5796403	-0.60715014	-0.40428016
341381358969308	0.41738376	-0.64769	-0.50476915
341381556662179	0.35139656	-0.67194337	-0.54136384
341381754355050	0.47541392	-0.67264736	-0.5090318
341381952047921	0.5820633	-0.66198623	-0.42008588
341382149771310	0.55577004	-0.6579602	-0.42840677
341382347372628	0.45135188	-0.64366853	-0.53126615
341382545004464	0.33541033	-0.6459217	-0.5832078
341382742727852	0.38377446	-0.66899186	-0.5694305
341382940420724	0.51109236	-0.6832725	-0.489921
341383138083077	0.57039416	-0.66436243	-0.43312097
341383335745431	0.49078944	-0.6507922	-0.51076967
341383533438302	0.37501952	-0.6357326	-0.56986356
341383731070138	0.3605667	-0.64795977	-0.57346535
341383928701974	0.49184805	-0.656775	-0.52064854
341384126364327	0.57820344	-0.6546061	-0.43965948
341384324026681	0.5433548	-0.6455168	-0.46378523
341384521689034	0.4679981	-0.6072514	-0.5363369
341384719320870	0.36974147	-0.610695	-0.56919205
341384916922188	0.4504914	-0.6169145	-0.5465987
341385114554024	0.58878654	-0.61557984	-0.46608952
341385312185860	0.63025796	-0.604496	-0.41134828
341385509817696	0.5513715	-0.5897669	-0.48714277
341385707449532	0.43022704	-0.58936065	-0.53343225
341385905111886	0.42591205	-0.605476	-0.53129685
341386102713204	0.57620937	-0.5909376	-0.4798437
341386300406075	0.6604666	-0.57456225	-0.4048579
341386498068429	0.62258506	-0.55725175	-0.43259582
341386695730782	0.5445404	-0.52457243	-0.48306313
341386893393136	0.42901903	-0.5730287	-0.52459115
341387091024972	0.5186634	-0.5708265	-0.510844
341387288687325	0.6630707	-0.53034115	-0.4411166
341387486380196	0.7034213	-0.5005153	-0.38411286
341387684012032	0.64730877	-0.4567384	-0.43253845
341387881704903	0.49317664	-0.52032465	-0.49576724
341388079397774	0.4679271	-0.57018745	-0.5190152
341388277060128	0.62138236	-0.5423055	-0.46992913
341388474752999	0.7021762	-0.5224549	-0.39269978
341388672415352	0.6530706	-0.5165853	-0.42105183
341388870077706	0.54849607	-0.51161087	-0.47888508
341389067679024	0.44057238	-0.56618166	-0.52971756
341389265402413	0.5384604	-0.55295557	-0.5193464
341389463064767	0.67137456	-0.5023416	-0.44885027
341389660727120	0.70967215	-0.469255	-0.38784808
341389858419991	0.651502	-0.4308199	-0.43259382
341390056082345	0.48599258	-0.5071253	-0.5017152
341390253714181	0.4828458	-0.5501858	-0.51849353
341390451376534	0.628087	-0.54237914	-0.46421376
341390649040332	0.69333124	-0.5355428	-0.39110568
341390846702685	0.6321619	-0.5212411	-0.4356635
341391044395556	0.49525538	-0.54880947	-0.50400037
341391242088427	0.41246942	-0.5913652	-0.5414337
341391439781298	0.5415948	-0.5729142	-0.5069742
341391637474170	0.6571799	-0.5389725	-0.43851942
341391835228076	0.6850753	-0.49695683	-0.3910174
341392032890429	0.6229001	-0.46248326	-0.43558845
341392230583300	0.4587387	-0.53774583	-0.50276315
341392428306689	0.47709548	-0.56992394	-0.5180428
341392625969043	0.6368176	-0.54639167	-0.4526851
341392823631396	0.6998898	-0.5239022	-0.37991
341393021293750	0.64405584	-0.49305156	-0.42191392
341393218956103	0.5005043	-0.5334539	-0.4824463
341393416648974	0.44200242	-0.57611114	-0.5126118
341393614372363	0.5771798	-0.557576	-0.48137546
341393812034716	0.6851809	-0.51720786	-0.40917298
341394009727587	0.69703	-0.47126198	-0.38292727
341394207512011	0.6414315	-0.42850345	-0.41579515
341394405113330	0.49462223	-0.50179535	-0.4704738
341394602806201	0.52616745	-0.5210749	-0.48735622
341394800529589	0.6880479	-0.47007722	-0.42861912
341394998222461	0.7545114	-0.42597872	-0.3528952
341395195945849	0.696863	-0.3896069	-0.37670904
341395393608203	0.5414599	-0.47559586	-0.44196674
341395591301074	0.48317185	-0.5385526	-0.48545858
341395788993945	0.6273869	-0.5069741	-0.454848
341395986686816	0.73416376	-0.4535731	-0.3787318
341396184379687	0.72392225	-0.4199417	-0.35988477
341396382133593	0.65168816	-0.39905846	-0.37524635
341396579826464	0.50611895	-0.4882285	-0.44147563
341396777488818	0.55331445	-0.50026506	-0.4539262
341396975151171	0.7167544	-0.43265885	-0.4067848
341397172813525	0.78802115	-0.3722493	-0.32700065
341397370506396	0.7306029	-0.34430405	-0.34169564
341397568199267	0.5670807	-0.45506197	-0.42274418
341397765892138	0.5082708	-0.5061316	-0.4690759
341397963585009	0.6544217	-0.46884942	-0.4301466
341398161277880	0.75737125	-0.42070377	-0.35804284
341398358970752	0.746841	-0.3728714	-0.34099394
341398556724658	0.6548526	-0.381511	-0.38356337
341398754417529	0.5089653	-0.48678914	-0.45482057
341398952110400	0.5661989	-0.49949497	-0.4659765
341399149772754	0.7213582	-0.4374136	-0.40216768
341399347496142	0.7740085	-0.38833252	-0.3313239
341399545189013	0.7204716	-0.3504642	-0.34451687
341399742881884	0.56329304	-0.4502835	-0.41358614
341399940574755	0.52004576	-0.50468045	-0.45088616
341400138237109	0.6578008	-0.46629018	-0.43426183
341400335899462	0.76351726	-0.39426863	-0.36032888
341400533592334	0.75670713	-0.33747962	-0.32713935
341400731262320	0.6656041	-0.3506667	-0.37373096
341400928955191	0.52424973	-0.45978448	-0.4384067
341401126648062	0.5640202	-0.47868782	-0.45309246
341401324340933	0.7204582	-0.4114856	-0.4025474
341401522033804	0.79698414	-0.33801225	-0.30605516
341401719726675	0.75334704	-0.29483524	-0.29515323
341401917419546	0.598901	-0.41254377	-0.38385177
341402115112417	0.50347847	-0.49342164	-0.4526448
341402312835806	0.61257553	-0.47607473	-0.45060688
341402510498160	0.7408588	-0.4067989	-0.3875382
341402708191031	0.7779169	-0.33891645	-0.31480303
341402905914419	0.70624405	-0.328634	-0.33887073
341403103607290	0.5379373	-0.4587447	-0.42331755
341403301208609	0.5402261	-0.50408334	-0.45292902
341403498870962	0.69448036	-0.44469464	-0.41017213
341403696594351	0.7920791	-0.35693008	-0.3093984
341403894287222	0.76643914	-0.29251182	-0.28490454
341404091980093	0.6226228	-0.3838581	-0.36392257
341404289672964	0.5049411	-0.49211082	-0.449834
341404487335318	0.6013447	-0.48229414	-0.4603488
341404685089224	0.7476859	-0.39015973	-0.39046937
341404882782095	0.7914371	-0.31794286	-0.31288186
341405080505484	0.7308857	-0.2778898	-0.3107803
341405278167837	0.56627816	-0.4263198	-0.3967766
341405475860708	0.55937606	-0.47667316	-0.4343305
341405673523062	0.72081363	-0.40205163	-0.39282316
341405871215933	0.8112178	-0.3104967	-0.30784407
341406068908804	0.7794904	-0.24296385	-0.27284774
341406266632193	0.64082915	-0.36315614	-0.35491624
341406464264029	0.5291146	-0.4700663	-0.43064007
341406661987417	0.62594277	-0.44515568	-0.436312
341406859680288	0.76245123	-0.33973408	-0.37080857
341407057403677	0.81096387	-0.24135156	-0.27009615
341407255066031	0.7360122	-0.24486268	-0.29204768
341407452728384	0.56399846	-0.41736785	-0.40140474
341407650421255	0.55780095	-0.48337734	-0.4587737
341407848114126	0.70769554	-0.4331405	-0.41591528
341408045806997	0.79310316	-0.35488585	-0.32524264
341408243499869	0.7431006	-0.31580466	-0.32763395
341408441192740	0.5789434	-0.4332166	-0.41585964
341408638855093	0.49097574	-0.5189517	-0.48346058
341408836517447	0.6156686	-0.48966524	-0.46947792
341409034179800	0.7350808	-0.4166344	-0.3956408
341409231811636	0.75489426	-0.35924652	-0.3418421
341409429473990	0.6831612	-0.34472838	-0.37515745
341409627166861	0.52030605	-0.46574554	-0.4552545
341409824829214	0.54546875	-0.4984833	-0.47337124
341410022491568	0.6985005	-0.4538165	-0.41894275
341410220184439	0.76191187	-0.41058022	-0.3563323
341410417877310	0.7019877	-0.38733748	-0.3833807
341410615558748	0.57195103	-0.4439613	-0.42258948
341410813160067	0.53145003	-0.48464525	-0.44917905
341411010883455	0.6773996	-0.41916028	-0.4191204
341411208576327	0.80011153	-0.3061929	-0.32518506
341411406238680	0.7934818	-0.22460355	-0.27439293
341411603901034	0.6919193	-0.26103157	-0.3073266
341411801563387	0.5501875	-0.41661566	-0.40386662
341411999225741	0.61291295	-0.43002906	-0.4317177
341412196857577	0.7634292	-0.3411883	-0.37068444
341412394519930	0.806792	-0.2660982	-0.2965065
341412592151766	0.73990595	-0.23139587	-0.293337
341412789783602	0.5891537	-0.38152984	-0.3782747
341412987445955	0.5699805	-0.44256312	-0.41965938
341413185108309	0.71630174	-0.3824366	-0.39491093
341413382770662	0.81480503	-0.283818	-0.30709434
341413580494051	0.7815318	-0.2351026	-0.27066815
341413778156405	0.6394735	-0.35282972	-0.3475951
341413975818758	0.53125775	-0.4598126	-0.42905337
341414173511629	0.641388	-0.43204933	-0.42691624
341414371204500	0.777629	-0.32648975	-0.34932488
341414568897371	0.8123709	-0.23903574	-0.25836244
341414766559725	0.7411901	-0.22770242	-0.2687575
341414964222079	0.56972307	-0.4105346	-0.38314617
341415161884432	0.5715394	-0.46707553	-0.44066417
341415359546786	0.74198264	-0.38392687	-0.3779817
341415557239657	0.81765544	-0.3047614	-0.28948492
341415754902010	0.76755935	-0.25215757	-0.2811999
341415952533846	0.5976522	-0.40429774	-0.3835595
341416150226717	0.5158491	-0.49601817	-0.45311517
341416347858553	0.635048	-0.47204292	-0.45365357
341416545520907	0.7576558	-0.3893654	-0.37222692
341416743152743	0.76473236	-0.33301297	-0.32407525
341416940845614	0.6815005	-0.34232962	-0.3597417
341417138507967	0.53041685	-0.46254346	-0.4354875
341417336200838	0.5787083	-0.47629333	-0.45521262
341417533863192	0.7383144	-0.39713988	-0.39374697
341417731525545	0.794907	-0.33513784	-0.3173188
341417929187899	0.7368746	-0.29901022	-0.32534814
341418126850252	0.5824622	-0.41918203	-0.40138558
341418324573641	0.5382115	-0.48694152	-0.4503739
341418522113924	0.685625	-0.43187907	-0.41950232
341418719776278	0.7901951	-0.34662044	-0.3355686
341418917499666	0.77160555	-0.2878696	-0.30870658
341419115192537	0.6572489	-0.33435032	-0.3695134
341419312854891	0.5157064	-0.46046874	-0.4548973
341419510547762	0.57874674	-0.47311455	-0.47141233
341419708179598	0.72958714	-0.399073	-0.40571135
341419905811434	0.7823567	-0.33865336	-0.32367525
341420103504305	0.7178081	-0.30949622	-0.34073484
341420301136141	0.5515337	-0.4359677	-0.4235365
341420498798495	0.52759117	-0.49416363	-0.46305647
341420696452678	0.6848983	-0.43763727	-0.42649183
341420894115032	0.7873636	-0.36405855	-0.33489928
341421091777385	0.75506276	-0.3205542	-0.31863782
341421289439739	0.61901844	-0.37962666	-0.3900087
341421487102092	0.49442613	-0.48146516	-0.47424206
341421684794963	0.58513016	-0.48422056	-0.47437066
341421882457317	0.72556275	-0.42730623	-0.40594524
341422080150188	0.7647081	-0.3783272	-0.3404351
341422277782024	0.68582046	-0.36560154	-0.38395736
341422475444377	0.5021019	-0.4847121	-0.4761995
341422673137248	0.5002895	-0.53065044	-0.5013582
341422870799602	0.6660386	-0.4955818	-0.4356743
341423068522991	0.74888015	-0.44922048	-0.34960845
341423266124309	0.70491666	-0.41411632	-0.36369196
341423463786662	0.5610603	-0.47299528	-0.4244814
341423661449016	0.4860753	-0.5244916	-0.47461808
341423859111369	0.6250067	-0.48518285	-0.45208824
341424056773723	0.7532356	-0.40563795	-0.36784896
341424254466594	0.773283	-0.32694826	-0.31019866
341424452098430	0.6817716	-0.32649806	-0.3578768
341424649760784	0.50045544	-0.47193733	-0.46578208
341424847423137	0.51894724	-0.5180096	-0.500552
341425045116008	0.6814668	-0.48640412	-0.43199202
341425242808879	0.7530394	-0.44315436	-0.34499815
341425440501750	0.704458	-0.39134955	-0.36652178
341425638194621	0.54093105	-0.47873026	-0.4383947
341425835856975	0.47958425	-0.5384888	-0.48535883
341426033549846	0.6393792	-0.48708022	-0.4488043
341426231212200	0.7627906	-0.4051746	-0.35168087
341426428844035	0.7501103	-0.34848657	-0.3348659
341426626536907	0.6560664	-0.3498441	-0.36935973
341426824229778	0.5159355	-0.4625937	-0.43939227
341427021922649	0.57962364	-0.46740612	-0.46421337
341427219585002	0.7453572	-0.38393304	-0.38910064
341427417277873	0.790959	-0.32362276	-0.31722566
341427614970744	0.73027223	-0.27230054	-0.319375
341427812663616	0.57350594	-0.4060473	-0.40059516
341428010356487	0.5412298	-0.46738014	-0.44562125
341428208018840	0.694628	-0.40835035	-0.41716033
341428405742229	0.8000584	-0.32156768	-0.32112288
341428603404582	0.7768667	-0.27869698	-0.28498822
341428801066936	0.64827466	-0.3607649	-0.35882446
341428998759807	0.5158778	-0.4695958	-0.44373316
341429196422160	0.6014485	-0.45951015	-0.45805684
341429394053996	0.7510269	-0.3667156	-0.38875148
341429591716350	0.79178166	-0.30300593	-0.30926618
341429789378703	0.71070683	-0.29833767	-0.3359003
341429987041057	0.5304704	-0.45326838	-0.43444288
341430184764446	0.5284979	-0.50413007	-0.4701636
341430382487834	0.7011595	-0.43852964	-0.41449147
341430580079294	0.78609127	-0.37196898	-0.33016962
341430777741648	0.7290514	-0.3431809	-0.3433567
341430975404001	0.56095546	-0.44980282	-0.42980063
341431173066355	0.47669426	-0.5252909	-0.4897132
341431370728708	0.60433424	-0.4963837	-0.47788686
341431568391062	0.7262836	-0.4266921	-0.40848976
341431766053415	0.735227	-0.38801795	-0.36601904
341431963746286	0.6618386	-0.3680102	-0.3956289
341432161439157	0.5011378	-0.47526965	-0.46626133
341432359101511	0.5372308	-0.4997614	-0.49565765
341432556733347	0.71203315	-0.43441254	-0.42367044
341432754365183	0.7563744	-0.40234023	-0.36513928
341432952027536	0.6765696	-0.37110117	-0.40785283
341433149689890	0.5077589	-0.4692793	-0.4827242
341433347321726	0.47866407	-0.5208189	-0.51369494
341433544923044	0.6398069	-0.49395886	-0.46664774
341433742554880	0.73327225	-0.46683732	-0.38210252
341433940186716	0.680489	-0.45300874	-0.40728763
341434137788034	0.5419066	-0.4764245	-0.47889858
341434335450388	0.4233827	-0.54785067	-0.5415118
341434533082224	0.54070956	-0.5407588	-0.520097
341434730744577	0.67077804	-0.50415856	-0.44750884
341434928376413	0.69092363	-0.4792904	-0.4016388
341435126008249	0.6253633	-0.44498837	-0.44381467
341435323640085	0.4593599	-0.5231651	-0.50449795
341435521271921	0.49180335	-0.5534158	-0.51144004
341435718903757	0.6657284	-0.5187375	-0.42908573
341435916535593	0.715736	-0.49283236	-0.3766516
341436114167429	0.6479454	-0.45556632	-0.42784885
341436311799265	0.5004164	-0.5090355	-0.47692922
341436509431101	0.46946725	-0.5504613	-0.5022024
341436707062937	0.63308114	-0.5052592	-0.4617908
341436904725290	0.735063	-0.45701542	-0.38266438
341437102357126	0.6998142	-0.43025613	-0.389077
341437300019480	0.593264	-0.42632142	-0.43203858
341437497620798	0.46827295	-0.5123942	-0.49875352
341437695252634	0.5609153	-0.5116603	-0.49823013
341437892884470	0.70801455	-0.45825925	-0.41949353
341438090516306	0.74021167	-0.43293265	-0.35446918
341438288178659	0.66941005	-0.39988616	-0.40107816
341438485841013	0.48358387	-0.50729764	-0.4909419
341438683442331	0.4843709	-0.5534266	-0.5134827
341438881074167	0.6546569	-0.50886613	-0.45127273
341439078706003	0.7350357	-0.4665857	-0.3742825
341439276337839	0.6758363	-0.44544208	-0.40998325
341439473969675	0.5134938	-0.50613195	-0.4841013
341439671601511	0.42697543	-0.5730562	-0.54593295
341439869233347	0.55913115	-0.55990857	-0.5222501
341440066895700	0.6652987	-0.53666484	-0.44484156
341440264558054	0.64621955	-0.52005035	-0.4433034
341440462220407	0.5769163	-0.46776325	-0.48433417
341440659837989	0.4270874	-0.5358006	-0.5451747
341440857530860	0.49316904	-0.5541695	-0.538998
341441055162696	0.6446968	-0.53826857	-0.46104264
341441252764015	0.6868787	-0.52098507	-0.4030517
341441450395851	0.62520385	-0.4748526	-0.45858178
341441648058204	0.47016832	-0.52075475	-0.5176476
341441845690040	0.43511695	-0.5627307	-0.5413354
341442043352394	0.5955064	-0.54331946	-0.48935986
341442240953712	0.6889572	-0.53049225	-0.40486294
341442438646583	0.64139706	-0.52241695	-0.42926154
341442636217384	0.53282523	-0.50547415	-0.4865589
341442833849220	0.4252503	-0.5496122	-0.53500134
341443031450538	0.55242676	-0.532734	-0.50478
341443229112892	0.6889913	-0.4987901	-0.42811298
341443426775245	0.7076456	-0.47521064	-0.3827916
341443624407081	0.6460206	-0.41252673	-0.41490173
341443822038917	0.47102293	-0.50479984	-0.49662176
341444019640235	0.4846349	-0.54634047	-0.52153945
341444217211036	0.66079605	-0.5080188	-0.44176698
341444414873390	0.72137564	-0.49154773	-0.36810994
341444612505226	0.66117775	-0.46039447	-0.40811238
341444810106544	0.5215597	-0.49759662	-0.45509803
341445007738380	0.4549824	-0.55653733	-0.50335187
341445205370216	0.61218566	-0.51164126	-0.46488965
341445403032569	0.73243856	-0.44801387	-0.380367
341445600633888	0.7038395	-0.44331804	-0.38051978
341445798296241	0.64811164	-0.37929922	-0.38001004
341445995928077	0.49848014	-0.49281654	-0.46127906
341446193590431	0.58153576	-0.49029523	-0.4654612
341446391191749	0.74774444	-0.39674112	-0.38781103
341446588823585	0.7734529	-0.37316352	-0.33808142
341446786394386	0.72618157	-0.27681616	-0.3205363
341446984056739	0.5557184	-0.42663634	-0.416334
341447181658058	0.5439279	-0.48645514	-0.46386063
341447379320411	0.7235694	-0.3998759	-0.4001732
341447576952247	0.81444985	-0.32337534	-0.30437478
341447774584083	0.78990287	-0.20780066	-0.24587145
341447972185401	0.64710927	-0.3231148	-0.308526
341448169817237	0.53506124	-0.46327117	-0.43269622
341448367388038	0.6569167	-0.41651836	-0.43413037
341448565019874	0.7997622	-0.272233	-0.33439216
341448762621192	0.82531905	-0.15409304	-0.23010059
341448960222511	0.7485088	-0.14141892	-0.22400004
341449157823829	0.5883345	-0.36699867	-0.35630608
341449355394630	0.6129872	-0.41987473	-0.41711506
341449552965431	0.7802766	-0.30915627	-0.35631618
341449750505714	0.83486354	-0.21670738	-0.27805337
341449948137550	0.77573955	-0.123702824	-0.2282745
341450145738868	0.62343776	-0.32970586	-0.33098727
341450343340187	0.5839752	-0.4175962	-0.40827537
341450540910987	0.74575865	-0.33545762	-0.36460644
341450738534319	0.8476298	-0.23371539	-0.26255465
341450936166155	0.8090378	-0.15705442	-0.21985413
341451133797991	0.6616381	-0.29964676	-0.3105426
341451331429827	0.5478938	-0.438356	-0.42255208
341451529061663	0.6581054	-0.40145704	-0.4272816
341451726662981	0.79986185	-0.26465645	-0.33241776
341451924264300	0.8244377	-0.16020675	-0.23839341
341452121926653	0.745541	-0.15983571	-0.24719824
341452319558489	0.5787366	-0.38483366	-0.38587192
341452517190325	0.6037031	-0.43330443	-0.4443809
341452714791643	0.7696518	-0.32895756	-0.36910877
341452912453997	0.82117885	-0.26014605	-0.2860032
341453110055315	0.75180304	-0.211673	-0.28432938
341453307687151	0.5692191	-0.41391212	-0.40910158
341453505288470	0.5399659	-0.4884008	-0.46364412
341453702889788	0.6983419	-0.42897338	-0.42609233
341453900460589	0.7943811	-0.36081934	-0.34239814
341454098031390	0.75800645	-0.31822252	-0.3294605
341454295632708	0.6125101	-0.40355435	-0.3914822
341454493295061	0.49754867	-0.5105971	-0.4766164
341454690804827	0.62256694	-0.47954577	-0.46136814
341454888436663	0.7444537	-0.40808445	-0.3926222
341455086037981	0.76515496	-0.351912	-0.3374042
341455283669817	0.70539093	-0.29821044	-0.34475508
341455481301653	0.53736293	-0.4412772	-0.4405452
341455678902972	0.5536288	-0.4882937	-0.47595844
341455876504290	0.7072321	-0.43057862	-0.4274094
341456074105608	0.7802885	-0.37146538	-0.3482652
341456271737444	0.74419224	-0.3089378	-0.3351377
341456469338763	0.585364	-0.42246056	-0.40686667
341456666970599	0.5044451	-0.50776	-0.4762049
341456864602435	0.63701004	-0.46668953	-0.46318892
341457062173235	0.75905377	-0.37766084	-0.38689184
341457259774554	0.7793202	-0.28924578	-0.3231689
341457457375872	0.6948367	-0.288518	-0.35049045
341457654977190	0.52363586	-0.44841558	-0.45525327
341457852609026	0.53822476	-0.50197774	-0.49811828
341458050240862	0.6898189	-0.46459675	-0.44534805
341458247872698	0.7688273	-0.3996581	-0.3591243
341458445474017	0.70376235	-0.37087166	-0.39206722
341458643105852	0.5345304	-0.4674284	-0.46958885
341458840737688	0.4760238	-0.53116703	-0.5135514
341459038339007	0.61690766	-0.5015412	-0.48528564
341459235970843	0.73202664	-0.4440577	-0.39951354
341459433572161	0.7299637	-0.39885142	-0.3690901
341459631173479	0.6488398	-0.3706374	-0.40001866
341459828774798	0.4897522	-0.48486832	-0.48018643
341460026345599	0.54523164	-0.50352013	-0.4948569
341460223946917	0.7117804	-0.43926132	-0.4200238
341460421609270	0.75954443	-0.39776808	-0.35907817
341460619272206	0.7100022	-0.3295548	-0.3718968
341460816873524	0.5638919	-0.41849634	-0.4244248
341461014474843	0.529544	-0.48117086	-0.46206066
341461212076161	0.68355066	-0.4306081	-0.43103266
341461409707997	0.7940571	-0.35160092	-0.33439082
341461607309315	0.77882516	-0.30007666	-0.29362312
341461804941151	0.67755294	-0.32230166	-0.32752398
341462002542470	0.5366443	-0.45648733	-0.42047057
341462200113270	0.61017156	-0.44935408	-0.44151187
341462397714589	0.7811112	-0.31234756	-0.34947962
341462595376942	0.83074486	-0.23173976	-0.24904974
341462792978261	0.7688352	-0.1846528	-0.2395277
341462990579579	0.6019699	-0.38074344	-0.3578752
341463188150380	0.57649887	-0.45832962	-0.42523524
341463385782216	0.7345473	-0.369359	-0.38987765
341463583353017	0.83550334	-0.24244225	-0.28756812
341463780954335	0.80975974	-0.15393369	-0.22482082
341463978525136	0.6728938	-0.2977471	-0.3070757
341464176156972	0.54954123	-0.43369162	-0.4135711
341464373758290	0.63582426	-0.4161877	-0.43073395
341464571359608	0.7750288	-0.29957014	-0.36275995
341464768960927	0.8309158	-0.1903043	-0.24914145
341464966531727	0.76583046	-0.170373	-0.24853992
341465164133046	0.5936654	-0.3772636	-0.36526972
341465361764882	0.55880314	-0.45952117	-0.42853487
341465559335683	0.7073091	-0.3815711	-0.39850944
341465756906483	0.8202175	-0.25478306	-0.2851896
341465954538319	0.7967909	-0.19199592	-0.22837587
341466152109120	0.64541906	-0.34336483	-0.33117148
341466349710438	0.51919085	-0.4717703	-0.4442465
341466547372792	0.62860376	-0.4440324	-0.44017678
341466744882558	0.76916456	-0.3534658	-0.3586157
341466942483876	0.81192917	-0.27934164	-0.26279888
341467140085194	0.7438116	-0.2609298	-0.27507967
341467337686513	0.56198937	-0.43840185	-0.38311917
341467535318349	0.54898906	-0.50162995	-0.45055348
341467732889149	0.72104913	-0.4152089	-0.39380825
341467930459950	0.8088966	-0.32959017	-0.2914607
341468128061268	0.76321054	-0.28390455	-0.27960363
341468325632069	0.59362036	-0.4282073	-0.3751826
341468523263905	0.49662477	-0.53307045	-0.45808223
341468720865224	0.6333527	-0.49084014	-0.43984836
341468918497059	0.7577315	-0.3985456	-0.36164504
341469116098378	0.7665648	-0.3368085	-0.31683013
341469313730214	0.70351666	-0.2997128	-0.3187149
341469511301015	0.54372686	-0.45587873	-0.4151572
341469708932850	0.5880344	-0.4747467	-0.44759327
341469906503651	0.75672966	-0.37088463	-0.37375736
341470104104970	0.8174779	-0.3019771	-0.28423506
341470301736806	0.76346815	-0.25452244	-0.2815779
341470499338124	0.5835738	-0.42611516	-0.38031003
341470696931791	0.5302168	-0.50105673	-0.44484538
341470894563627	0.6836267	-0.43782845	-0.4157439
341471092164946	0.79595834	-0.3406271	-0.322075
341471289766264	0.7828506	-0.27250832	-0.2718082
341471487367582	0.64578325	-0.37111458	-0.35030392
341471684999418	0.47596475	-0.5265409	-0.46863052
341471882570219	0.56129926	-0.53055525	-0.4846076
341472080171537	0.7306078	-0.44849226	-0.39416414
341472277772856	0.74351716	-0.43746838	-0.35234424
341472475404692	0.67603624	-0.39286464	-0.38628945
341472673006010	0.4851303	-0.5149409	-0.48504606
341472870637846	0.51780874	-0.5442882	-0.5077072
341473068239164	0.68888855	-0.49600792	-0.4225633
341473265840483	0.7406869	-0.46431482	-0.3478234
341473463472319	0.6794977	-0.41565567	-0.38863274
341473661073637	0.4850583	-0.52980787	-0.4864254
341473858674955	0.45602039	-0.58154446	-0.51784605
341474056276274	0.64055264	-0.53348494	-0.44126105
341474253908110	0.73770946	-0.48220068	-0.34752604
341474451509428	0.7031829	-0.4363155	-0.3636068
341474649080229	0.5466411	-0.4965711	-0.45018896
341474846681547	0.43567365	-0.56503433	-0.52304333
341475044282866	0.57112926	-0.5464969	-0.48580092
341475241945219	0.6917225	-0.5064199	-0.41029155
341475439516020	0.72461814	-0.44522643	-0.36089236
341475637086821	0.67587966	-0.38715643	-0.38105577
341475834688139	0.506544	-0.49627388	-0.4638774
341476032289457	0.52356136	-0.531936	-0.4910747
341476229829741	0.6978277	-0.4641114	-0.41328567
341476427400541	0.7757707	-0.3994156	-0.32014078
341476624971342	0.7251548	-0.34663564	-0.336038
341476822542143	0.53954864	-0.4736085	-0.4351026
341477020173979	0.45499787	-0.56580555	-0.506657
341477217714262	0.6078124	-0.5340562	-0.46698081
341477415315580	0.72890353	-0.47542867	-0.36836934
341477612916899	0.71257573	-0.4444387	-0.3602501
341477810518217	0.59989405	-0.4534969	-0.42623338
341478008089018	0.44937924	-0.5551268	-0.51589483
341478205690336	0.54356444	-0.5581806	-0.5098898
341478403261137	0.68011165	-0.51151353	-0.4290783
341478600923491	0.7177509	-0.46767986	-0.3660906
341478798494291	0.6552267	-0.43074104	-0.41569957
341478996095610	0.48222372	-0.51870674	-0.49835297
341479193696928	0.48815253	-0.5612661	-0.52745056
341479391298246	0.6560015	-0.5189687	-0.45202586
341479588899565	0.7353734	-0.47874627	-0.35409677
341479786500883	0.67771775	-0.45300096	-0.3936618
341479984132719	0.5196944	-0.5094601	-0.46546742
341480181764555	0.4480347	-0.57755095	-0.5104338
341480379396391	0.5942229	-0.5371261	-0.48530996
341480576997709	0.7276642	-0.45596698	-0.38799778
341480774608312	0.7069964	-0.43721315	-0.36778215
341480972179112	0.5950001	-0.45183977	-0.4284799
341481169780431	0.4460498	-0.5498082	-0.5130811
341481367381749	0.5361632	-0.54354656	-0.51609224
341481564983067	0.69386625	-0.475647	-0.42375678
341481762584386	0.7271277	-0.447987	-0.35159892
341481960185704	0.6536758	-0.4241373	-0.4113972
341482157817540	0.46575266	-0.53181523	-0.50468117
341482355418858	0.47115844	-0.5739683	-0.5239942
341482552989659	0.64044327	-0.5351809	-0.4468965
341482750621495	0.7142606	-0.50370175	-0.36282653
341482948253331	0.6327753	-0.4968864	-0.42691028
341483145885167	0.4700842	-0.5470262	-0.4966475
341483343486485	0.4092256	-0.6025394	-0.534038
341483541057286	0.55990005	-0.586171	-0.48702353
341483738658605	0.66885364	-0.5481604	-0.40336952
341483936259923	0.64049494	-0.52699655	-0.4173846
341484133861241	0.56419045	-0.4959475	-0.46211988
341484331462560	0.4254122	-0.5628837	-0.51883113
341484529063878	0.49863902	-0.5629749	-0.5253188
341484726665196	0.6631822	-0.5099356	-0.44422606
341484924235997	0.7089264	-0.4920282	-0.36313656
341485121776280	0.6218229	-0.4854121	-0.44277474
341485319377599	0.4291638	-0.56981176	-0.52433014
341485516978917	0.4173736	-0.61289054	-0.5425366
341485714549718	0.6039771	-0.5860642	-0.45930895
341485912120519	0.67701757	-0.57013386	-0.37406722
341486109691319	0.56497383	-0.5787305	-0.47266743
341486307262120	0.41751078	-0.59180814	-0.53811455
341486504832921	0.38002667	-0.62560415	-0.5581781
341486702434239	0.5586115	-0.59973353	-0.48982143
341486900005040	0.65065306	-0.58602554	-0.40576664
341487097606358	0.57950145	-0.59646696	-0.45343915
341487295177159	0.4848458	-0.5648718	-0.52255684
341487492747960	0.36246532	-0.6135888	-0.57325923
341487690288243	0.47878206	-0.6065865	-0.5491735
341487887828526	0.6175155	-0.57621396	-0.4722975
341488085399327	0.62875074	-0.57648885	-0.42540482
341488282970128	0.5667077	-0.53726155	-0.49048984
341488480601964	0.4132706	-0.5774537	-0.5532913
341488678203282	0.4333488	-0.6038459	-0.5525161
341488875835118	0.6020713	-0.5847611	-0.47066772
341489073466954	0.66224414	-0.5823443	-0.39071488
341489271068273	0.5909451	-0.5678805	-0.45579275
341489468669591	0.46913895	-0.5642871	-0.5135929
341489666301427	0.38555023	-0.61625016	-0.55415314
341489863933263	0.5368802	-0.5867816	-0.5101855
341490061534581	0.6552986	-0.5436917	-0.4302907
341490259135900	0.6372264	-0.539674	-0.41961798
341490456706700	0.60888547	-0.45632133	-0.43413985
341490654338598	0.44676706	-0.54672897	-0.5067679
341490851878881	0.5071855	-0.5594418	-0.50609875
341491049419165	0.6803006	-0.50373816	-0.4188466
341491247051001	0.7150028	-0.49971122	-0.3546809
341491444682837	0.6523489	-0.45991302	-0.4043995
341491642284155	0.51032794	-0.5172359	-0.4553829
341491839885473	0.48751393	-0.5669837	-0.49372026
341492037456274	0.664979	-0.49800056	-0.43260148
341492235088110	0.7459416	-0.4567103	-0.35374847
341492432689428	0.7110226	-0.41599032	-0.35828266
341492630290747	0.58512485	-0.45258924	-0.415729
341492827892065	0.45157772	-0.5599603	-0.51369274
341493025462866	0.57193893	-0.5298691	-0.49761295
341493223064184	0.69687414	-0.4735679	-0.4242889
341493420696020	0.72500175	-0.43188822	-0.36176693
341493618358374	0.6859374	-0.34413427	-0.36789647
341493815990210	0.5051747	-0.48867014	-0.47433388
341494013622045	0.51228493	-0.5339436	-0.51036346
341494211253881	0.6813207	-0.4762826	-0.4359998
341494408855200	0.7434672	-0.45370892	-0.35099438
341494606456518	0.6795441	-0.42174482	-0.397312
341494804057837	0.5086	-0.50307935	-0.4721369
341495001659155	0.45572564	-0.570878	-0.5173614
341495199260473	0.6209648	-0.5340737	-0.4611873
341495396892309	0.71491545	-0.50026417	-0.37030604
341495594463110	0.6873421	-0.46576548	-0.37804455
341495792064428	0.5963129	-0.44708937	-0.425368
341495989665747	0.43920085	-0.555545	-0.5140155
341496187267065	0.53534204	-0.5508174	-0.5028619
341496384898901	0.69218755	-0.495407	-0.41549453
341496582500219	0.7070378	-0.49107027	-0.3694103
341496780132055	0.6602277	-0.4264123	-0.39736572
341496977733374	0.49859285	-0.5100329	-0.4676803
341497175365210	0.5235594	-0.54034424	-0.48421022
341497372966528	0.69329774	-0.4879521	-0.41529965
341497570567846	0.7510417	-0.45998842	-0.3446854
341497768230200	0.7152921	-0.38376233	-0.3589187
341497965801001	0.5781306	-0.43659922	-0.40986294
341498163402319	0.50347424	-0.5195511	-0.48131058
341498361034155	0.64823407	-0.47745436	-0.45077252
341498558665991	0.75540656	-0.4181918	-0.36311713
341498756267309	0.75254506	-0.3753145	-0.32737204
341498953868628	0.70231664	-0.31630084	-0.32445383
341499151500463	0.5544883	-0.44580057	-0.4054619
341499349101782	0.59347034	-0.4588393	-0.42993158
341499546672583	0.7645647	-0.3431679	-0.363866
341499744304419	0.8364663	-0.25198802	-0.2624425
341499941875219	0.7933091	-0.17069626	-0.22487928
341500139476538	0.6417928	-0.3527336	-0.32942533
341500337047338	0.54442245	-0.48108792	-0.42215607
341500534587622	0.6654032	-0.43368122	-0.41658288
341500732219206	0.7923587	-0.30146295	-0.33094016
341500929790006	0.8240203	-0.19229086	-0.22932816
341501127360807	0.7740299	-0.13090086	-0.19497184
341501324962126	0.6351838	-0.32981563	-0.2954871
341501522532926	0.6345859	-0.3797167	-0.35733768
341501720073210	0.78601605	-0.24374779	-0.31678897
341501917674528	0.86872536	-0.045804	-0.16591245
341502115245329	0.8315357	0.07571027	-0.047104675
341502312846647	0.7531815	-0.11373791	-0.15331692
341502510417448	0.6371154	-0.32383052	-0.28725868
341502708079801	0.67498314	-0.34617355	-0.32816577
341502905589567	0.8040258	-0.20415473	-0.29309186
341503103221403	0.8525915	-0.0100859655	-0.1519311
341503300822721	0.8138317	0.054650065	-0.05855558
341503498393522	0.73845035	-0.09964228	-0.14919066
341503695994840	0.6331013	-0.2744517	-0.27386045
341503893596159	0.61413234	-0.34123257	-0.32868612
341504091166960	0.7196442	-0.3043466	-0.35296342
341504288829313	0.81317633	-0.19074948	-0.29940468
341504486491667	0.8174247	-0.09213971	-0.20179427
341504684123502	0.75523496	-0.08938127	-0.17033602
341504881755338	0.6700812	-0.20349151	-0.25142673
341505079387174	0.6102787	-0.299649	-0.31212926
341505276988493	0.6440148	-0.3265629	-0.3468719
341505474620329	0.76267624	-0.25697374	-0.33281747
341505672191129	0.8237406	-0.15117595	-0.25631502
341505869792448	0.8226455	-0.051377144	-0.15324098
341506067424284	0.777466	-0.012113275	-0.08189135
341506265025602	0.72577846	-0.061982665	-0.08294585
341506462626920	0.69564915	-0.1311325	-0.118877515
341506660228239	0.69307417	-0.18038413	-0.1634307
341506857829557	0.7541792	-0.1637586	-0.19589834
341507055400358	0.8096434	-0.043871794	-0.17682783
341507253032194	0.812206	0.13287415	-0.08466099
341507450633512	0.78289855	0.24549246	0.01791741
341507648265348	0.75614816	0.2394605	0.067502595
341507845897184	0.73424995	0.1484359	0.054173104
341508043529020	0.7102473	0.042932086	-0.0045195064
341508241130338	0.6928073	-0.07423523	-0.097198926
341508438762174	0.6786492	-0.1939936	-0.2063954
341508636394010	0.6706156	-0.29109874	-0.29038763
341508834025846	0.6522256	-0.37729597	-0.35287887
341509031688200	0.6162759	-0.46165255	-0.4074396
341509229289518	0.57234925	-0.52696174	-0.4401761
341509426890836	0.54407585	-0.55960846	-0.45983592
341509624492155	0.5359336	-0.5821675	-0.4762946
341509822123991	0.50681496	-0.6038988	-0.48516816
341510019725309	0.48991096	-0.5827691	-0.4923448
341510217387663	0.46345276	-0.56110835	-0.5256811
341510414988981	0.36550948	-0.58639604	-0.6122464
341510612568665	0.24172533	-0.6185626	-0.6915238
